执行日期：2014-09-27-19：%M：%S
【接收到的notify通知】:
<xml><appid><![CDATA[wx21e79fec52c68536]]></appid>
<bank_type><![CDATA[PSBC_DEBIT]]></bank_type>
<fee_type><![CDATA[CNY]]></fee_type>
<is_subscribe><![CDATA[N]]></is_subscribe>
<mch_id><![CDATA[10011679]]></mch_id>
<nonce_str><![CDATA[pwy7drmbpiv1g3e77q4kz11g56ai8mzl]]></nonce_str>
<openid><![CDATA[og3X1jkchRfQ8k8hnvHvN78o9-jo]]></openid>
<out_trade_no><![CDATA[go-5-1-wiac]]></out_trade_no>
<result_code><![CDATA[SUCCESS]]></result_code>
<return_code><![CDATA[SUCCESS]]></return_code>
<sign><![CDATA[2073C587B5F4723410F1700E03627DA6]]></sign>
<sub_mch_id><![CDATA[10011679]]></sub_mch_id>
<time_end><![CDATA[20140927190323]]></time_end>
<total_fee>10</total_fee>
<trade_type><![CDATA[JSAPI]]></trade_type>
<transaction_id><![CDATA[1010100031201409270005206141]]></transaction_id>
</xml>


执行日期：2014-09-27-19：%M：%S
【支付成功】:
<xml><appid><![CDATA[wx21e79fec52c68536]]></appid>
<bank_type><![CDATA[PSBC_DEBIT]]></bank_type>
<fee_type><![CDATA[CNY]]></fee_type>
<is_subscribe><![CDATA[N]]></is_subscribe>
<mch_id><![CDATA[10011679]]></mch_id>
<nonce_str><![CDATA[pwy7drmbpiv1g3e77q4kz11g56ai8mzl]]></nonce_str>
<openid><![CDATA[og3X1jkchRfQ8k8hnvHvN78o9-jo]]></openid>
<out_trade_no><![CDATA[go-5-1-wiac]]></out_trade_no>
<result_code><![CDATA[SUCCESS]]></result_code>
<return_code><![CDATA[SUCCESS]]></return_code>
<sign><![CDATA[2073C587B5F4723410F1700E03627DA6]]></sign>
<sub_mch_id><![CDATA[10011679]]></sub_mch_id>
<time_end><![CDATA[20140927190323]]></time_end>
<total_fee>10</total_fee>
<trade_type><![CDATA[JSAPI]]></trade_type>
<transaction_id><![CDATA[1010100031201409270005206141]]></transaction_id>
</xml>


执行日期：2014-09-27-19：%M：%S
【接收到的notify通知】:
<xml><appid><![CDATA[wx21e79fec52c68536]]></appid>
<bank_type><![CDATA[PSBC_DEBIT]]></bank_type>
<fee_type><![CDATA[CNY]]></fee_type>
<is_subscribe><![CDATA[N]]></is_subscribe>
<mch_id><![CDATA[10011679]]></mch_id>
<nonce_str><![CDATA[h7k7a28h7pzf8q3mtwxau6haj1xim9wj]]></nonce_str>
<openid><![CDATA[og3X1jkchRfQ8k8hnvHvN78o9-jo]]></openid>
<out_trade_no><![CDATA[go-6-1-mjat]]></out_trade_no>
<result_code><![CDATA[SUCCESS]]></result_code>
<return_code><![CDATA[SUCCESS]]></return_code>
<sign><![CDATA[B51628599FC0DA83C2DA2C4003A39C8C]]></sign>
<sub_mch_id><![CDATA[10011679]]></sub_mch_id>
<time_end><![CDATA[20140927191124]]></time_end>
<total_fee>10</total_fee>
<trade_type><![CDATA[JSAPI]]></trade_type>
<transaction_id><![CDATA[1010100031201409270005206373]]></transaction_id>
</xml>


执行日期：2014-09-27-19：%M：%S
【支付成功】:
<xml><appid><![CDATA[wx21e79fec52c68536]]></appid>
<bank_type><![CDATA[PSBC_DEBIT]]></bank_type>
<fee_type><![CDATA[CNY]]></fee_type>
<is_subscribe><![CDATA[N]]></is_subscribe>
<mch_id><![CDATA[10011679]]></mch_id>
<nonce_str><![CDATA[h7k7a28h7pzf8q3mtwxau6haj1xim9wj]]></nonce_str>
<openid><![CDATA[og3X1jkchRfQ8k8hnvHvN78o9-jo]]></openid>
<out_trade_no><![CDATA[go-6-1-mjat]]></out_trade_no>
<result_code><![CDATA[SUCCESS]]></result_code>
<return_code><![CDATA[SUCCESS]]></return_code>
<sign><![CDATA[B51628599FC0DA83C2DA2C4003A39C8C]]></sign>
<sub_mch_id><![CDATA[10011679]]></sub_mch_id>
<time_end><![CDATA[20140927191124]]></time_end>
<total_fee>10</total_fee>
<trade_type><![CDATA[JSAPI]]></trade_type>
<transaction_id><![CDATA[1010100031201409270005206373]]></transaction_id>
</xml>


执行日期：2014-09-27-19：%M：%S
【接收到的notify通知】:
<xml><appid><![CDATA[wx21e79fec52c68536]]></appid>
<bank_type><![CDATA[PSBC_DEBIT]]></bank_type>
<fee_type><![CDATA[CNY]]></fee_type>
<is_subscribe><![CDATA[N]]></is_subscribe>
<mch_id><![CDATA[10011679]]></mch_id>
<nonce_str><![CDATA[nfdgj6j4suudw6ldtlps4i7qgq5rzz1k]]></nonce_str>
<openid><![CDATA[og3X1jkchRfQ8k8hnvHvN78o9-jo]]></openid>
<out_trade_no><![CDATA[454564567468797]]></out_trade_no>
<result_code><![CDATA[SUCCESS]]></result_code>
<return_code><![CDATA[SUCCESS]]></return_code>
<sign><![CDATA[6067F6513BCCE039705FFB7E1E2DE49A]]></sign>
<sub_mch_id><![CDATA[10011679]]></sub_mch_id>
<time_end><![CDATA[20140927173846]]></time_end>
<total_fee>1</total_fee>
<trade_type><![CDATA[JSAPI]]></trade_type>
<transaction_id><![CDATA[1010100031201409270005211060]]></transaction_id>
</xml>


执行日期：2014-09-27-19：%M：%S
【支付成功】:
<xml><appid><![CDATA[wx21e79fec52c68536]]></appid>
<bank_type><![CDATA[PSBC_DEBIT]]></bank_type>
<fee_type><![CDATA[CNY]]></fee_type>
<is_subscribe><![CDATA[N]]></is_subscribe>
<mch_id><![CDATA[10011679]]></mch_id>
<nonce_str><![CDATA[nfdgj6j4suudw6ldtlps4i7qgq5rzz1k]]></nonce_str>
<openid><![CDATA[og3X1jkchRfQ8k8hnvHvN78o9-jo]]></openid>
<out_trade_no><![CDATA[454564567468797]]></out_trade_no>
<result_code><![CDATA[SUCCESS]]></result_code>
<return_code><![CDATA[SUCCESS]]></return_code>
<sign><![CDATA[6067F6513BCCE039705FFB7E1E2DE49A]]></sign>
<sub_mch_id><![CDATA[10011679]]></sub_mch_id>
<time_end><![CDATA[20140927173846]]></time_end>
<total_fee>1</total_fee>
<trade_type><![CDATA[JSAPI]]></trade_type>
<transaction_id><![CDATA[1010100031201409270005211060]]></transaction_id>
</xml>


执行日期：2014-09-27-19：%M：%S
【接收到的notify通知】:
<xml><appid><![CDATA[wx21e79fec52c68536]]></appid>
<bank_type><![CDATA[PSBC_DEBIT]]></bank_type>
<fee_type><![CDATA[CNY]]></fee_type>
<is_subscribe><![CDATA[N]]></is_subscribe>
<mch_id><![CDATA[10011679]]></mch_id>
<nonce_str><![CDATA[9n0fse09mb8cf8uoeyq0jtydw2vo4yc4]]></nonce_str>
<openid><![CDATA[og3X1jkchRfQ8k8hnvHvN78o9-jo]]></openid>
<out_trade_no><![CDATA[go-7-1-xfof]]></out_trade_no>
<result_code><![CDATA[SUCCESS]]></result_code>
<return_code><![CDATA[SUCCESS]]></return_code>
<sign><![CDATA[0F6836B0232FCA015E68991FF6CA9123]]></sign>
<sub_mch_id><![CDATA[10011679]]></sub_mch_id>
<time_end><![CDATA[20140927191519]]></time_end>
<total_fee>10</total_fee>
<trade_type><![CDATA[JSAPI]]></trade_type>
<transaction_id><![CDATA[1010100031201409270005206156]]></transaction_id>
</xml>


执行日期：2014-09-27-19：%M：%S
【支付成功】:
<xml><appid><![CDATA[wx21e79fec52c68536]]></appid>
<bank_type><![CDATA[PSBC_DEBIT]]></bank_type>
<fee_type><![CDATA[CNY]]></fee_type>
<is_subscribe><![CDATA[N]]></is_subscribe>
<mch_id><![CDATA[10011679]]></mch_id>
<nonce_str><![CDATA[9n0fse09mb8cf8uoeyq0jtydw2vo4yc4]]></nonce_str>
<openid><![CDATA[og3X1jkchRfQ8k8hnvHvN78o9-jo]]></openid>
<out_trade_no><![CDATA[go-7-1-xfof]]></out_trade_no>
<result_code><![CDATA[SUCCESS]]></result_code>
<return_code><![CDATA[SUCCESS]]></return_code>
<sign><![CDATA[0F6836B0232FCA015E68991FF6CA9123]]></sign>
<sub_mch_id><![CDATA[10011679]]></sub_mch_id>
<time_end><![CDATA[20140927191519]]></time_end>
<total_fee>10</total_fee>
<trade_type><![CDATA[JSAPI]]></trade_type>
<transaction_id><![CDATA[1010100031201409270005206156]]></transaction_id>
</xml>


执行日期：2014-09-27-19：%M：%S
【接收到的notify通知】:
<xml><appid><![CDATA[wx21e79fec52c68536]]></appid>
<bank_type><![CDATA[PSBC_DEBIT]]></bank_type>
<fee_type><![CDATA[CNY]]></fee_type>
<is_subscribe><![CDATA[N]]></is_subscribe>
<mch_id><![CDATA[10011679]]></mch_id>
<nonce_str><![CDATA[ncce6yawrgyqrmckr5no1vb7hqfja4sz]]></nonce_str>
<openid><![CDATA[og3X1jkchRfQ8k8hnvHvN78o9-jo]]></openid>
<out_trade_no><![CDATA[go-2-1-zbag]]></out_trade_no>
<result_code><![CDATA[SUCCESS]]></result_code>
<return_code><![CDATA[SUCCESS]]></return_code>
<sign><![CDATA[E446C2715C6291274AA01D3E5EFE5134]]></sign>
<sub_mch_id><![CDATA[10011679]]></sub_mch_id>
<time_end><![CDATA[20140927184322]]></time_end>
<total_fee>10</total_fee>
<trade_type><![CDATA[JSAPI]]></trade_type>
<transaction_id><![CDATA[1010100031201409270005206685]]></transaction_id>
</xml>


执行日期：2014-09-27-19：%M：%S
【支付成功】:
<xml><appid><![CDATA[wx21e79fec52c68536]]></appid>
<bank_type><![CDATA[PSBC_DEBIT]]></bank_type>
<fee_type><![CDATA[CNY]]></fee_type>
<is_subscribe><![CDATA[N]]></is_subscribe>
<mch_id><![CDATA[10011679]]></mch_id>
<nonce_str><![CDATA[ncce6yawrgyqrmckr5no1vb7hqfja4sz]]></nonce_str>
<openid><![CDATA[og3X1jkchRfQ8k8hnvHvN78o9-jo]]></openid>
<out_trade_no><![CDATA[go-2-1-zbag]]></out_trade_no>
<result_code><![CDATA[SUCCESS]]></result_code>
<return_code><![CDATA[SUCCESS]]></return_code>
<sign><![CDATA[E446C2715C6291274AA01D3E5EFE5134]]></sign>
<sub_mch_id><![CDATA[10011679]]></sub_mch_id>
<time_end><![CDATA[20140927184322]]></time_end>
<total_fee>10</total_fee>
<trade_type><![CDATA[JSAPI]]></trade_type>
<transaction_id><![CDATA[1010100031201409270005206685]]></transaction_id>
</xml>


执行日期：2014-09-27-19：%M：%S
【接收到的notify通知】:
<xml><appid><![CDATA[wx21e79fec52c68536]]></appid>
<bank_type><![CDATA[PSBC_DEBIT]]></bank_type>
<fee_type><![CDATA[CNY]]></fee_type>
<is_subscribe><![CDATA[N]]></is_subscribe>
<mch_id><![CDATA[10011679]]></mch_id>
<nonce_str><![CDATA[q6ny4ymh9pfazfl94u17y2kkj148zyab]]></nonce_str>
<openid><![CDATA[og3X1jkchRfQ8k8hnvHvN78o9-jo]]></openid>
<out_trade_no><![CDATA[go-3-1-iyvl]]></out_trade_no>
<result_code><![CDATA[SUCCESS]]></result_code>
<return_code><![CDATA[SUCCESS]]></return_code>
<sign><![CDATA[50B16B526B69772328374AB53F8C9072]]></sign>
<sub_mch_id><![CDATA[10011679]]></sub_mch_id>
<time_end><![CDATA[20140927184752]]></time_end>
<total_fee>10</total_fee>
<trade_type><![CDATA[JSAPI]]></trade_type>
<transaction_id><![CDATA[1010100031201409270005206505]]></transaction_id>
</xml>


执行日期：2014-09-27-19：%M：%S
【支付成功】:
<xml><appid><![CDATA[wx21e79fec52c68536]]></appid>
<bank_type><![CDATA[PSBC_DEBIT]]></bank_type>
<fee_type><![CDATA[CNY]]></fee_type>
<is_subscribe><![CDATA[N]]></is_subscribe>
<mch_id><![CDATA[10011679]]></mch_id>
<nonce_str><![CDATA[q6ny4ymh9pfazfl94u17y2kkj148zyab]]></nonce_str>
<openid><![CDATA[og3X1jkchRfQ8k8hnvHvN78o9-jo]]></openid>
<out_trade_no><![CDATA[go-3-1-iyvl]]></out_trade_no>
<result_code><![CDATA[SUCCESS]]></result_code>
<return_code><![CDATA[SUCCESS]]></return_code>
<sign><![CDATA[50B16B526B69772328374AB53F8C9072]]></sign>
<sub_mch_id><![CDATA[10011679]]></sub_mch_id>
<time_end><![CDATA[20140927184752]]></time_end>
<total_fee>10</total_fee>
<trade_type><![CDATA[JSAPI]]></trade_type>
<transaction_id><![CDATA[1010100031201409270005206505]]></transaction_id>
</xml>


执行日期：2014-09-27-19：%M：%S
【接收到的notify通知】:
<xml><appid><![CDATA[wx21e79fec52c68536]]></appid>
<bank_type><![CDATA[PSBC_DEBIT]]></bank_type>
<fee_type><![CDATA[CNY]]></fee_type>
<is_subscribe><![CDATA[N]]></is_subscribe>
<mch_id><![CDATA[10011679]]></mch_id>
<nonce_str><![CDATA[w9r4ui4px3qifgewqdfxr6ksl5d4o5ez]]></nonce_str>
<openid><![CDATA[og3X1jkchRfQ8k8hnvHvN78o9-jo]]></openid>
<out_trade_no><![CDATA[go-4-1-uykv]]></out_trade_no>
<result_code><![CDATA[SUCCESS]]></result_code>
<return_code><![CDATA[SUCCESS]]></return_code>
<sign><![CDATA[F0522A9365C0BA488ACAE870EA905500]]></sign>
<sub_mch_id><![CDATA[10011679]]></sub_mch_id>
<time_end><![CDATA[20140927185045]]></time_end>
<total_fee>10</total_fee>
<trade_type><![CDATA[JSAPI]]></trade_type>
<transaction_id><![CDATA[1010100031201409270005211489]]></transaction_id>
</xml>


执行日期：2014-09-27-19：%M：%S
【支付成功】:
<xml><appid><![CDATA[wx21e79fec52c68536]]></appid>
<bank_type><![CDATA[PSBC_DEBIT]]></bank_type>
<fee_type><![CDATA[CNY]]></fee_type>
<is_subscribe><![CDATA[N]]></is_subscribe>
<mch_id><![CDATA[10011679]]></mch_id>
<nonce_str><![CDATA[w9r4ui4px3qifgewqdfxr6ksl5d4o5ez]]></nonce_str>
<openid><![CDATA[og3X1jkchRfQ8k8hnvHvN78o9-jo]]></openid>
<out_trade_no><![CDATA[go-4-1-uykv]]></out_trade_no>
<result_code><![CDATA[SUCCESS]]></result_code>
<return_code><![CDATA[SUCCESS]]></return_code>
<sign><![CDATA[F0522A9365C0BA488ACAE870EA905500]]></sign>
<sub_mch_id><![CDATA[10011679]]></sub_mch_id>
<time_end><![CDATA[20140927185045]]></time_end>
<total_fee>10</total_fee>
<trade_type><![CDATA[JSAPI]]></trade_type>
<transaction_id><![CDATA[1010100031201409270005211489]]></transaction_id>
</xml>


执行日期：2014-09-27-19：%M：%S
【接收到的notify通知】:
<xml><appid><![CDATA[wx21e79fec52c68536]]></appid>
<bank_type><![CDATA[ICBC_DEBIT]]></bank_type>
<fee_type><![CDATA[CNY]]></fee_type>
<is_subscribe><![CDATA[N]]></is_subscribe>
<mch_id><![CDATA[10011679]]></mch_id>
<nonce_str><![CDATA[v6cphair8pfz6vhap5v42wn9gzx257m5]]></nonce_str>
<openid><![CDATA[og3X1jkchRfQ8k8hnvHvN78o9-jo]]></openid>
<out_trade_no><![CDATA[go-8-1-lgzk]]></out_trade_no>
<result_code><![CDATA[SUCCESS]]></result_code>
<return_code><![CDATA[SUCCESS]]></return_code>
<sign><![CDATA[C8EAF5276FC84C4024FC11D2EED25381]]></sign>
<sub_mch_id><![CDATA[10011679]]></sub_mch_id>
<time_end><![CDATA[20140927193247]]></time_end>
<total_fee>10</total_fee>
<trade_type><![CDATA[JSAPI]]></trade_type>
<transaction_id><![CDATA[1010100031201409270005211519]]></transaction_id>
</xml>


执行日期：2014-09-27-19：%M：%S
【支付成功】:
<xml><appid><![CDATA[wx21e79fec52c68536]]></appid>
<bank_type><![CDATA[ICBC_DEBIT]]></bank_type>
<fee_type><![CDATA[CNY]]></fee_type>
<is_subscribe><![CDATA[N]]></is_subscribe>
<mch_id><![CDATA[10011679]]></mch_id>
<nonce_str><![CDATA[v6cphair8pfz6vhap5v42wn9gzx257m5]]></nonce_str>
<openid><![CDATA[og3X1jkchRfQ8k8hnvHvN78o9-jo]]></openid>
<out_trade_no><![CDATA[go-8-1-lgzk]]></out_trade_no>
<result_code><![CDATA[SUCCESS]]></result_code>
<return_code><![CDATA[SUCCESS]]></return_code>
<sign><![CDATA[C8EAF5276FC84C4024FC11D2EED25381]]></sign>
<sub_mch_id><![CDATA[10011679]]></sub_mch_id>
<time_end><![CDATA[20140927193247]]></time_end>
<total_fee>10</total_fee>
<trade_type><![CDATA[JSAPI]]></trade_type>
<transaction_id><![CDATA[1010100031201409270005211519]]></transaction_id>
</xml>


执行日期：2014-09-27-22：%M：%S
【接收到的notify通知】:
<xml><appid><![CDATA[wx21e79fec52c68536]]></appid>
<bank_type><![CDATA[ICBC_DEBIT]]></bank_type>
<fee_type><![CDATA[CNY]]></fee_type>
<is_subscribe><![CDATA[N]]></is_subscribe>
<mch_id><![CDATA[10011679]]></mch_id>
<nonce_str><![CDATA[e05rkqphiffnfko64nlhu73zq3p5sivn]]></nonce_str>
<openid><![CDATA[og3X1jkchRfQ8k8hnvHvN78o9-jo]]></openid>
<out_trade_no><![CDATA[go-9-1-txcu]]></out_trade_no>
<result_code><![CDATA[SUCCESS]]></result_code>
<return_code><![CDATA[SUCCESS]]></return_code>
<sign><![CDATA[710CA60A92F2D9D19D425852EC812B18]]></sign>
<sub_mch_id><![CDATA[10011679]]></sub_mch_id>
<time_end><![CDATA[20140927220806]]></time_end>
<total_fee>10</total_fee>
<trade_type><![CDATA[JSAPI]]></trade_type>
<transaction_id><![CDATA[1010100031201409270005207222]]></transaction_id>
</xml>


执行日期：2014-09-27-22：%M：%S
【支付成功】:
<xml><appid><![CDATA[wx21e79fec52c68536]]></appid>
<bank_type><![CDATA[ICBC_DEBIT]]></bank_type>
<fee_type><![CDATA[CNY]]></fee_type>
<is_subscribe><![CDATA[N]]></is_subscribe>
<mch_id><![CDATA[10011679]]></mch_id>
<nonce_str><![CDATA[e05rkqphiffnfko64nlhu73zq3p5sivn]]></nonce_str>
<openid><![CDATA[og3X1jkchRfQ8k8hnvHvN78o9-jo]]></openid>
<out_trade_no><![CDATA[go-9-1-txcu]]></out_trade_no>
<result_code><![CDATA[SUCCESS]]></result_code>
<return_code><![CDATA[SUCCESS]]></return_code>
<sign><![CDATA[710CA60A92F2D9D19D425852EC812B18]]></sign>
<sub_mch_id><![CDATA[10011679]]></sub_mch_id>
<time_end><![CDATA[20140927220806]]></time_end>
<total_fee>10</total_fee>
<trade_type><![CDATA[JSAPI]]></trade_type>
<transaction_id><![CDATA[1010100031201409270005207222]]></transaction_id>
</xml>


执行日期：2014-09-27-22：%M：%S
【接收到的notify通知】:
<xml><appid><![CDATA[wx21e79fec52c68536]]></appid>
<bank_type><![CDATA[ICBC_DEBIT]]></bank_type>
<fee_type><![CDATA[CNY]]></fee_type>
<is_subscribe><![CDATA[N]]></is_subscribe>
<mch_id><![CDATA[10011679]]></mch_id>
<nonce_str><![CDATA[je3a8vz6bak7k565r1cxnfv0jig5xll0]]></nonce_str>
<openid><![CDATA[og3X1jkchRfQ8k8hnvHvN78o9-jo]]></openid>
<out_trade_no><![CDATA[go-10-1-rhbn_1411827618]]></out_trade_no>
<result_code><![CDATA[SUCCESS]]></result_code>
<return_code><![CDATA[SUCCESS]]></return_code>
<sign><![CDATA[FA67E39C03AFA8030B05B26C92FA82F7]]></sign>
<sub_mch_id><![CDATA[10011679]]></sub_mch_id>
<time_end><![CDATA[20140927222030]]></time_end>
<total_fee>10</total_fee>
<trade_type><![CDATA[JSAPI]]></trade_type>
<transaction_id><![CDATA[1010100031201409270005212258]]></transaction_id>
</xml>


执行日期：2014-09-27-22：%M：%S
【支付成功】:
<xml><appid><![CDATA[wx21e79fec52c68536]]></appid>
<bank_type><![CDATA[ICBC_DEBIT]]></bank_type>
<fee_type><![CDATA[CNY]]></fee_type>
<is_subscribe><![CDATA[N]]></is_subscribe>
<mch_id><![CDATA[10011679]]></mch_id>
<nonce_str><![CDATA[je3a8vz6bak7k565r1cxnfv0jig5xll0]]></nonce_str>
<openid><![CDATA[og3X1jkchRfQ8k8hnvHvN78o9-jo]]></openid>
<out_trade_no><![CDATA[go-10-1-rhbn_1411827618]]></out_trade_no>
<result_code><![CDATA[SUCCESS]]></result_code>
<return_code><![CDATA[SUCCESS]]></return_code>
<sign><![CDATA[FA67E39C03AFA8030B05B26C92FA82F7]]></sign>
<sub_mch_id><![CDATA[10011679]]></sub_mch_id>
<time_end><![CDATA[20140927222030]]></time_end>
<total_fee>10</total_fee>
<trade_type><![CDATA[JSAPI]]></trade_type>
<transaction_id><![CDATA[1010100031201409270005212258]]></transaction_id>
</xml>


执行日期：2014-09-27-23：%M：%S
【接收到的notify通知】:
<xml><appid><![CDATA[wx21e79fec52c68536]]></appid>
<bank_type><![CDATA[ICBC_DEBIT]]></bank_type>
<fee_type><![CDATA[CNY]]></fee_type>
<is_subscribe><![CDATA[N]]></is_subscribe>
<mch_id><![CDATA[10011679]]></mch_id>
<nonce_str><![CDATA[bgincsiz7ewjxze6n1f1j1hkpgpb8586]]></nonce_str>
<openid><![CDATA[og3X1jkchRfQ8k8hnvHvN78o9-jo]]></openid>
<out_trade_no><![CDATA[go-11-1-bscl_1411830179]]></out_trade_no>
<result_code><![CDATA[SUCCESS]]></result_code>
<return_code><![CDATA[SUCCESS]]></return_code>
<sign><![CDATA[F42767629C6C929E1D3DE4111FB19F7F]]></sign>
<sub_mch_id><![CDATA[10011679]]></sub_mch_id>
<time_end><![CDATA[20140927230316]]></time_end>
<total_fee>10</total_fee>
<trade_type><![CDATA[JSAPI]]></trade_type>
<transaction_id><![CDATA[1010100031201409270005207450]]></transaction_id>
</xml>


执行日期：2014-09-27-23：%M：%S
【支付成功】:
<xml><appid><![CDATA[wx21e79fec52c68536]]></appid>
<bank_type><![CDATA[ICBC_DEBIT]]></bank_type>
<fee_type><![CDATA[CNY]]></fee_type>
<is_subscribe><![CDATA[N]]></is_subscribe>
<mch_id><![CDATA[10011679]]></mch_id>
<nonce_str><![CDATA[bgincsiz7ewjxze6n1f1j1hkpgpb8586]]></nonce_str>
<openid><![CDATA[og3X1jkchRfQ8k8hnvHvN78o9-jo]]></openid>
<out_trade_no><![CDATA[go-11-1-bscl_1411830179]]></out_trade_no>
<result_code><![CDATA[SUCCESS]]></result_code>
<return_code><![CDATA[SUCCESS]]></return_code>
<sign><![CDATA[F42767629C6C929E1D3DE4111FB19F7F]]></sign>
<sub_mch_id><![CDATA[10011679]]></sub_mch_id>
<time_end><![CDATA[20140927230316]]></time_end>
<total_fee>10</total_fee>
<trade_type><![CDATA[JSAPI]]></trade_type>
<transaction_id><![CDATA[1010100031201409270005207450]]></transaction_id>
</xml>


执行日期：2014-09-27-23：%M：%S
【接收到的notify通知】:
<xml><appid><![CDATA[wx21e79fec52c68536]]></appid>
<bank_type><![CDATA[ICBC_DEBIT]]></bank_type>
<fee_type><![CDATA[CNY]]></fee_type>
<is_subscribe><![CDATA[N]]></is_subscribe>
<mch_id><![CDATA[10011679]]></mch_id>
<nonce_str><![CDATA[kx96nds0amwj7e1r1c51zt3x0f3jqj5s]]></nonce_str>
<openid><![CDATA[og3X1jkchRfQ8k8hnvHvN78o9-jo]]></openid>
<out_trade_no><![CDATA[go-12-1-vtcx_1411830356]]></out_trade_no>
<result_code><![CDATA[SUCCESS]]></result_code>
<return_code><![CDATA[SUCCESS]]></return_code>
<sign><![CDATA[FED88D60F9B4391D3AD2AD944C9297CC]]></sign>
<sub_mch_id><![CDATA[10011679]]></sub_mch_id>
<time_end><![CDATA[20140927230607]]></time_end>
<total_fee>10</total_fee>
<trade_type><![CDATA[JSAPI]]></trade_type>
<transaction_id><![CDATA[1010100031201409270005212457]]></transaction_id>
</xml>


执行日期：2014-09-27-23：%M：%S
【支付成功】:
<xml><appid><![CDATA[wx21e79fec52c68536]]></appid>
<bank_type><![CDATA[ICBC_DEBIT]]></bank_type>
<fee_type><![CDATA[CNY]]></fee_type>
<is_subscribe><![CDATA[N]]></is_subscribe>
<mch_id><![CDATA[10011679]]></mch_id>
<nonce_str><![CDATA[kx96nds0amwj7e1r1c51zt3x0f3jqj5s]]></nonce_str>
<openid><![CDATA[og3X1jkchRfQ8k8hnvHvN78o9-jo]]></openid>
<out_trade_no><![CDATA[go-12-1-vtcx_1411830356]]></out_trade_no>
<result_code><![CDATA[SUCCESS]]></result_code>
<return_code><![CDATA[SUCCESS]]></return_code>
<sign><![CDATA[FED88D60F9B4391D3AD2AD944C9297CC]]></sign>
<sub_mch_id><![CDATA[10011679]]></sub_mch_id>
<time_end><![CDATA[20140927230607]]></time_end>
<total_fee>10</total_fee>
<trade_type><![CDATA[JSAPI]]></trade_type>
<transaction_id><![CDATA[1010100031201409270005212457]]></transaction_id>
</xml>


执行日期：2014-09-27-23：%M：%S
【接收到的notify通知】:
<xml><appid><![CDATA[wx21e79fec52c68536]]></appid>
<bank_type><![CDATA[ICBC_DEBIT]]></bank_type>
<fee_type><![CDATA[CNY]]></fee_type>
<is_subscribe><![CDATA[N]]></is_subscribe>
<mch_id><![CDATA[10011679]]></mch_id>
<nonce_str><![CDATA[qic26f41i8x3a5uudbxdey6jxuxu4f96]]></nonce_str>
<openid><![CDATA[og3X1jkchRfQ8k8hnvHvN78o9-jo]]></openid>
<out_trade_no><![CDATA[go-13-1-gbon_1411830421]]></out_trade_no>
<result_code><![CDATA[SUCCESS]]></result_code>
<return_code><![CDATA[SUCCESS]]></return_code>
<sign><![CDATA[C068DB0107248987423AAE9CC484294F]]></sign>
<sub_mch_id><![CDATA[10011679]]></sub_mch_id>
<time_end><![CDATA[20140927230712]]></time_end>
<total_fee>10</total_fee>
<trade_type><![CDATA[JSAPI]]></trade_type>
<transaction_id><![CDATA[1010100031201409270005207452]]></transaction_id>
</xml>


执行日期：2014-09-27-23：%M：%S
【支付成功】:
<xml><appid><![CDATA[wx21e79fec52c68536]]></appid>
<bank_type><![CDATA[ICBC_DEBIT]]></bank_type>
<fee_type><![CDATA[CNY]]></fee_type>
<is_subscribe><![CDATA[N]]></is_subscribe>
<mch_id><![CDATA[10011679]]></mch_id>
<nonce_str><![CDATA[qic26f41i8x3a5uudbxdey6jxuxu4f96]]></nonce_str>
<openid><![CDATA[og3X1jkchRfQ8k8hnvHvN78o9-jo]]></openid>
<out_trade_no><![CDATA[go-13-1-gbon_1411830421]]></out_trade_no>
<result_code><![CDATA[SUCCESS]]></result_code>
<return_code><![CDATA[SUCCESS]]></return_code>
<sign><![CDATA[C068DB0107248987423AAE9CC484294F]]></sign>
<sub_mch_id><![CDATA[10011679]]></sub_mch_id>
<time_end><![CDATA[20140927230712]]></time_end>
<total_fee>10</total_fee>
<trade_type><![CDATA[JSAPI]]></trade_type>
<transaction_id><![CDATA[1010100031201409270005207452]]></transaction_id>
</xml>


执行日期：2014-09-27-23：%M：%S
【接收到的notify通知】:
<xml><appid><![CDATA[wx21e79fec52c68536]]></appid>
<bank_type><![CDATA[ICBC_DEBIT]]></bank_type>
<fee_type><![CDATA[CNY]]></fee_type>
<is_subscribe><![CDATA[N]]></is_subscribe>
<mch_id><![CDATA[10011679]]></mch_id>
<nonce_str><![CDATA[hbm89465gx96zqyqx0z9fxejs9jio3ux]]></nonce_str>
<openid><![CDATA[og3X1jkchRfQ8k8hnvHvN78o9-jo]]></openid>
<out_trade_no><![CDATA[go-14-1-ikby_1411830491]]></out_trade_no>
<result_code><![CDATA[SUCCESS]]></result_code>
<return_code><![CDATA[SUCCESS]]></return_code>
<sign><![CDATA[D74155DB416ADC1543A6ACD367BA0E56]]></sign>
<sub_mch_id><![CDATA[10011679]]></sub_mch_id>
<time_end><![CDATA[20140927230822]]></time_end>
<total_fee>10</total_fee>
<trade_type><![CDATA[JSAPI]]></trade_type>
<transaction_id><![CDATA[1010100031201409270005212656]]></transaction_id>
</xml>


执行日期：2014-09-27-23：%M：%S
【支付成功】:
<xml><appid><![CDATA[wx21e79fec52c68536]]></appid>
<bank_type><![CDATA[ICBC_DEBIT]]></bank_type>
<fee_type><![CDATA[CNY]]></fee_type>
<is_subscribe><![CDATA[N]]></is_subscribe>
<mch_id><![CDATA[10011679]]></mch_id>
<nonce_str><![CDATA[hbm89465gx96zqyqx0z9fxejs9jio3ux]]></nonce_str>
<openid><![CDATA[og3X1jkchRfQ8k8hnvHvN78o9-jo]]></openid>
<out_trade_no><![CDATA[go-14-1-ikby_1411830491]]></out_trade_no>
<result_code><![CDATA[SUCCESS]]></result_code>
<return_code><![CDATA[SUCCESS]]></return_code>
<sign><![CDATA[D74155DB416ADC1543A6ACD367BA0E56]]></sign>
<sub_mch_id><![CDATA[10011679]]></sub_mch_id>
<time_end><![CDATA[20140927230822]]></time_end>
<total_fee>10</total_fee>
<trade_type><![CDATA[JSAPI]]></trade_type>
<transaction_id><![CDATA[1010100031201409270005212656]]></transaction_id>
</xml>


执行日期：2014-09-27-23：%M：%S
【接收到的notify通知】:
<xml><appid><![CDATA[wx21e79fec52c68536]]></appid>
<bank_type><![CDATA[ICBC_DEBIT]]></bank_type>
<fee_type><![CDATA[CNY]]></fee_type>
<is_subscribe><![CDATA[N]]></is_subscribe>
<mch_id><![CDATA[10011679]]></mch_id>
<nonce_str><![CDATA[xtw39z4ctsg1gq8jcol8viy2yc0woua7]]></nonce_str>
<openid><![CDATA[og3X1jkchRfQ8k8hnvHvN78o9-jo]]></openid>
<out_trade_no><![CDATA[go-15-1-fyad_1411832680]]></out_trade_no>
<result_code><![CDATA[SUCCESS]]></result_code>
<return_code><![CDATA[SUCCESS]]></return_code>
<sign><![CDATA[2655285A91E844B520CDC7028C3BA1C1]]></sign>
<sub_mch_id><![CDATA[10011679]]></sub_mch_id>
<time_end><![CDATA[20140927234453]]></time_end>
<total_fee>10</total_fee>
<trade_type><![CDATA[JSAPI]]></trade_type>
<transaction_id><![CDATA[1010100031201409270005207471]]></transaction_id>
</xml>


执行日期：2014-09-27-23：%M：%S
【支付成功】:
<xml><appid><![CDATA[wx21e79fec52c68536]]></appid>
<bank_type><![CDATA[ICBC_DEBIT]]></bank_type>
<fee_type><![CDATA[CNY]]></fee_type>
<is_subscribe><![CDATA[N]]></is_subscribe>
<mch_id><![CDATA[10011679]]></mch_id>
<nonce_str><![CDATA[xtw39z4ctsg1gq8jcol8viy2yc0woua7]]></nonce_str>
<openid><![CDATA[og3X1jkchRfQ8k8hnvHvN78o9-jo]]></openid>
<out_trade_no><![CDATA[go-15-1-fyad_1411832680]]></out_trade_no>
<result_code><![CDATA[SUCCESS]]></result_code>
<return_code><![CDATA[SUCCESS]]></return_code>
<sign><![CDATA[2655285A91E844B520CDC7028C3BA1C1]]></sign>
<sub_mch_id><![CDATA[10011679]]></sub_mch_id>
<time_end><![CDATA[20140927234453]]></time_end>
<total_fee>10</total_fee>
<trade_type><![CDATA[JSAPI]]></trade_type>
<transaction_id><![CDATA[1010100031201409270005207471]]></transaction_id>
</xml>


执行日期：2014-09-28-10：%M：%S
【接收到的notify通知】:
<xml><appid><![CDATA[wx21e79fec52c68536]]></appid>
<bank_type><![CDATA[ABC_DEBIT]]></bank_type>
<fee_type><![CDATA[CNY]]></fee_type>
<is_subscribe><![CDATA[N]]></is_subscribe>
<mch_id><![CDATA[10011679]]></mch_id>
<nonce_str><![CDATA[m25ahd050kldo1ehmlwee2va6x2b63p1]]></nonce_str>
<openid><![CDATA[og3X1jjcEAGXvSzkFTe0DWyaSaMU]]></openid>
<out_trade_no><![CDATA[go-16-1-zgbq_1411872655]]></out_trade_no>
<result_code><![CDATA[SUCCESS]]></result_code>
<return_code><![CDATA[SUCCESS]]></return_code>
<sign><![CDATA[9B273163C6DBCA676FFBF88142B5EEE2]]></sign>
<sub_mch_id><![CDATA[10011679]]></sub_mch_id>
<time_end><![CDATA[20140928105106]]></time_end>
<total_fee>10</total_fee>
<trade_type><![CDATA[JSAPI]]></trade_type>
<transaction_id><![CDATA[1008150031201409280005216200]]></transaction_id>
</xml>


执行日期：2014-09-28-10：%M：%S
【支付成功】:
<xml><appid><![CDATA[wx21e79fec52c68536]]></appid>
<bank_type><![CDATA[ABC_DEBIT]]></bank_type>
<fee_type><![CDATA[CNY]]></fee_type>
<is_subscribe><![CDATA[N]]></is_subscribe>
<mch_id><![CDATA[10011679]]></mch_id>
<nonce_str><![CDATA[m25ahd050kldo1ehmlwee2va6x2b63p1]]></nonce_str>
<openid><![CDATA[og3X1jjcEAGXvSzkFTe0DWyaSaMU]]></openid>
<out_trade_no><![CDATA[go-16-1-zgbq_1411872655]]></out_trade_no>
<result_code><![CDATA[SUCCESS]]></result_code>
<return_code><![CDATA[SUCCESS]]></return_code>
<sign><![CDATA[9B273163C6DBCA676FFBF88142B5EEE2]]></sign>
<sub_mch_id><![CDATA[10011679]]></sub_mch_id>
<time_end><![CDATA[20140928105106]]></time_end>
<total_fee>10</total_fee>
<trade_type><![CDATA[JSAPI]]></trade_type>
<transaction_id><![CDATA[1008150031201409280005216200]]></transaction_id>
</xml>


执行日期：2014-09-28-16：%M：%S
【接收到的notify通知】:
<xml><appid><![CDATA[wx21e79fec52c68536]]></appid>
<bank_type><![CDATA[ABC_DEBIT]]></bank_type>
<fee_type><![CDATA[CNY]]></fee_type>
<is_subscribe><![CDATA[N]]></is_subscribe>
<mch_id><![CDATA[10011679]]></mch_id>
<nonce_str><![CDATA[nxdsh73936egz8lnvh5hblg51rf7sktg]]></nonce_str>
<openid><![CDATA[og3X1jjcEAGXvSzkFTe0DWyaSaMU]]></openid>
<out_trade_no><![CDATA[go-17-1-uhhv_1411891812]]></out_trade_no>
<result_code><![CDATA[SUCCESS]]></result_code>
<return_code><![CDATA[SUCCESS]]></return_code>
<sign><![CDATA[97C1ADEE3621FB9FA0DF5E627FCD8762]]></sign>
<sub_mch_id><![CDATA[10011679]]></sub_mch_id>
<time_end><![CDATA[20140928161125]]></time_end>
<total_fee>10</total_fee>
<trade_type><![CDATA[JSAPI]]></trade_type>
<transaction_id><![CDATA[1008150031201409280005209371]]></transaction_id>
</xml>


执行日期：2014-09-28-16：%M：%S
【支付成功】:
<xml><appid><![CDATA[wx21e79fec52c68536]]></appid>
<bank_type><![CDATA[ABC_DEBIT]]></bank_type>
<fee_type><![CDATA[CNY]]></fee_type>
<is_subscribe><![CDATA[N]]></is_subscribe>
<mch_id><![CDATA[10011679]]></mch_id>
<nonce_str><![CDATA[nxdsh73936egz8lnvh5hblg51rf7sktg]]></nonce_str>
<openid><![CDATA[og3X1jjcEAGXvSzkFTe0DWyaSaMU]]></openid>
<out_trade_no><![CDATA[go-17-1-uhhv_1411891812]]></out_trade_no>
<result_code><![CDATA[SUCCESS]]></result_code>
<return_code><![CDATA[SUCCESS]]></return_code>
<sign><![CDATA[97C1ADEE3621FB9FA0DF5E627FCD8762]]></sign>
<sub_mch_id><![CDATA[10011679]]></sub_mch_id>
<time_end><![CDATA[20140928161125]]></time_end>
<total_fee>10</total_fee>
<trade_type><![CDATA[JSAPI]]></trade_type>
<transaction_id><![CDATA[1008150031201409280005209371]]></transaction_id>
</xml>


执行日期：2014-09-28-16：%M：%S
【接收到的notify通知】:
<xml><appid><![CDATA[wx21e79fec52c68536]]></appid>
<bank_type><![CDATA[ABC_DEBIT]]></bank_type>
<fee_type><![CDATA[CNY]]></fee_type>
<is_subscribe><![CDATA[N]]></is_subscribe>
<mch_id><![CDATA[10011679]]></mch_id>
<nonce_str><![CDATA[62sh07hd6z475h9ulmqoyht9rff8j4gj]]></nonce_str>
<openid><![CDATA[og3X1jjcEAGXvSzkFTe0DWyaSaMU]]></openid>
<out_trade_no><![CDATA[go-18-2-fodw_1411892032]]></out_trade_no>
<result_code><![CDATA[SUCCESS]]></result_code>
<return_code><![CDATA[SUCCESS]]></return_code>
<sign><![CDATA[18C1D57E24DD439E24727546776F9254]]></sign>
<sub_mch_id><![CDATA[10011679]]></sub_mch_id>
<time_end><![CDATA[20140928161402]]></time_end>
<total_fee>20</total_fee>
<trade_type><![CDATA[JSAPI]]></trade_type>
<transaction_id><![CDATA[1008150031201409280005220159]]></transaction_id>
</xml>


执行日期：2014-09-28-16：%M：%S
【支付成功】:
<xml><appid><![CDATA[wx21e79fec52c68536]]></appid>
<bank_type><![CDATA[ABC_DEBIT]]></bank_type>
<fee_type><![CDATA[CNY]]></fee_type>
<is_subscribe><![CDATA[N]]></is_subscribe>
<mch_id><![CDATA[10011679]]></mch_id>
<nonce_str><![CDATA[62sh07hd6z475h9ulmqoyht9rff8j4gj]]></nonce_str>
<openid><![CDATA[og3X1jjcEAGXvSzkFTe0DWyaSaMU]]></openid>
<out_trade_no><![CDATA[go-18-2-fodw_1411892032]]></out_trade_no>
<result_code><![CDATA[SUCCESS]]></result_code>
<return_code><![CDATA[SUCCESS]]></return_code>
<sign><![CDATA[18C1D57E24DD439E24727546776F9254]]></sign>
<sub_mch_id><![CDATA[10011679]]></sub_mch_id>
<time_end><![CDATA[20140928161402]]></time_end>
<total_fee>20</total_fee>
<trade_type><![CDATA[JSAPI]]></trade_type>
<transaction_id><![CDATA[1008150031201409280005220159]]></transaction_id>
</xml>


